
> element-starter@ dev /opt/samba/xdata/xdata/xdata_web
> webpack-dev-server -d --inline --hot --env.dev

Project is running at [1m[34mhttp://0.0.0.0:8010/[39m[22m
webpack output is served from [1m[34m/assets/[39m[22m
404s will fallback to [1m[34m/assets/[39m[22m
Hash: [1m7fcb0aad1aec1f253902[39m[22m
Version: webpack [1m2.7.0[39m[22m
Time: [1m18315[39m[22mms
                                 [1mAsset[39m[22m       [1mSize[39m[22m  [1mChunks[39m[22m  [1m[39m[22m           [1m[39m[22m       [1mChunk Names[39m[22m
  [1m[32m6f0a76321d30f3c8120915e57f7bd77e.ttf[39m[22m      11 kB        [1m[39m[22m  [1m[32m[emitted][39m[22m         
  [1m[32m674f50d287a8c48dc19ba404d20fe713.eot[39m[22m     166 kB        [1m[39m[22m  [1m[32m[emitted][39m[22m         
  [1m[33m912ec66d7572ff821749319396470bde.svg[39m[22m     [1m[33m444 kB[39m[22m        [1m[39m[22m  [1m[32m[emitted][39m[22m  [1m[33m[big][39m[22m  
  [1m[32mb06871f281fee6b241d60582ae9369b9.ttf[39m[22m     166 kB        [1m[39m[22m  [1m[32m[emitted][39m[22m         
[1m[32maf7ae505a9eed503f8b8e6982036873e.woff2[39m[22m    77.2 kB        [1m[39m[22m  [1m[32m[emitted][39m[22m         
 [1m[32mfee66e712a8a08eef5805a46892932ad.woff[39m[22m      98 kB        [1m[39m[22m  [1m[32m[emitted][39m[22m         
  [1m[32m31b9652cfc094d7475ee50c20ced0989.jpg[39m[22m     155 kB        [1m[39m[22m  [1m[32m[emitted][39m[22m         
                              [1m[33mindex.js[39m[22m    [1m[33m15.3 MB[39m[22m       [1m0[39m[22m  [1m[32m[emitted][39m[22m  [1m[33m[big][39m[22m  index
                           [1m[32mmanifest.js[39m[22m    30.5 kB       [1m1[39m[22m  [1m[32m[emitted][39m[22m         manifest
                            [1m[32mindex.html[39m[22m  366 bytes        [1m[39m[22m  [1m[32m[emitted][39m[22m         
chunk    {[1m[33m0[39m[22m} [1m[32mindex.js[39m[22m (index) 5.47 MB {[1m[33m1[39m[22m}[1m[33m [initial][39m[22m[1m[32m [rendered][39m[22m
    [5] [1m./~/vue/dist/vue.runtime.esm.js[39m[22m 212 kB {[1m[33m0[39m[22m}[1m[32m [built][39m[22m
  [277] [1m./src/main.js[39m[22m 556 bytes {[1m[33m0[39m[22m}[1m[32m [built][39m[22m
  [278] [1m(webpack)-dev-server/client?http://0.0.0.0:8010[39m[22m 7.93 kB {[1m[33m0[39m[22m}[1m[32m [built][39m[22m
  [279] [1m(webpack)/hot/dev-server.js[39m[22m 1.57 kB {[1m[33m0[39m[22m}[1m[32m [built][39m[22m
  [365] [1m./src/plugins/globalTools.js[39m[22m 6.47 kB {[1m[33m0[39m[22m}[1m[32m [built][39m[22m
  [366] [1m./src/router.js[39m[22m 3.25 kB {[1m[33m0[39m[22m}[1m[32m [built][39m[22m
  [668] [1m./~/element-ui/lib/element-ui.common.js[39m[22m 974 kB {[1m[33m0[39m[22m}[1m[32m [built][39m[22m
  [689] [1m./~/loglevel/lib/loglevel.js[39m[22m 7.86 kB {[1m[33m0[39m[22m}[1m[32m [built][39m[22m
  [702] [1m./~/strip-ansi/index.js[39m[22m 161 bytes {[1m[33m0[39m[22m}[1m[32m [built][39m[22m
  [786] [1m./~/vue-router/dist/vue-router.esm.js[39m[22m 65.6 kB {[1m[33m0[39m[22m}[1m[32m [built][39m[22m
  [797] [1m(webpack)-dev-server/client/overlay.js[39m[22m 3.67 kB {[1m[33m0[39m[22m}[1m[32m [built][39m[22m
  [798] [1m(webpack)-dev-server/client/socket.js[39m[22m 1.08 kB {[1m[33m0[39m[22m}[1m[32m [built][39m[22m
  [801] [1m(webpack)/hot nonrecursive ^\.\/log$[39m[22m 160 bytes {[1m[33m0[39m[22m}[1m[32m [built][39m[22m
  [802] [1m(webpack)/hot/log-apply-result.js[39m[22m 1.02 kB {[1m[33m0[39m[22m}[1m[32m [built][39m[22m
  [841] [1mmulti (webpack)-dev-server/client?http://0.0.0.0:8010 webpack/hot/dev-server ./src/main.js[39m[22m 52 bytes {[1m[33m0[39m[22m}[1m[32m [built][39m[22m
     + 827 hidden modules
chunk    {[1m[33m1[39m[22m} [1m[32mmanifest.js[39m[22m (manifest) 0 bytes[1m[33m [entry][39m[22m[1m[32m [rendered][39m[22m
Child [1mhtml-webpack-plugin for "index.html"[39m[22m:
    chunk    {[1m[33m0[39m[22m} [1m[32mindex.html[39m[22m 278 bytes[1m[33m [entry][39m[22m[1m[32m [rendered][39m[22m
        [0] [1m./~/html-webpack-plugin/lib/loader.js!./src/index.html[39m[22m 278 bytes {[1m[33m0[39m[22m}[1m[32m [built][39m[22m
webpack: Compiled successfully.
